2022-08-16_10-21-23 [restartedMain] INFO  c.p.a.AuthorizationServiceApplication - Starting AuthorizationServiceApplication using Java 15.0.1 on LTIN325768 with PID 43144 (C:\Users\899324\Desktop\Project\pension-management-system-main\authorization-service\target\classes started by 899324 in C:\Users\899324\Desktop\Project\pension-management-system-main\authorization-service)
2022-08-16_10-21-23 [restartedMain] INFO  c.p.a.AuthorizationServiceApplication - No active profile set, falling back to default profiles: default
2022-08-16_10-21-23 [restartedMain] INFO  o.s.b.d.e.DevToolsPropertyDefaultsPostProcessor - Devtools property defaults active! Set 'spring.devtools.add-properties' to 'false' to disable
2022-08-16_10-21-23 [restartedMain] INFO  o.s.b.d.e.DevToolsPropertyDefaultsPostProcessor - For additional web related logging consider setting the 'logging.level.web' property to 'DEBUG'
2022-08-16_10-21-23 [restartedMain] INFO  o.s.d.r.c.RepositoryConfigurationDelegate - Bootstrapping Spring Data JPA repositories in DEFAULT mode.
2022-08-16_10-21-23 [restartedMain] INFO  o.s.d.r.c.RepositoryConfigurationDelegate - Finished Spring Data repository scanning in 108 ms. Found 1 JPA repository interfaces.
2022-08-16_10-21-23 [restartedMain] INFO  o.s.b.w.e.tomcat.TomcatWebServer - Tomcat initialized with port(s): 8400 (http)
2022-08-16_10-21-23 [restartedMain] INFO  o.a.coyote.http11.Http11NioProtocol - Initializing ProtocolHandler ["http-nio-8400"]
2022-08-16_10-21-23 [restartedMain] INFO  o.a.catalina.core.StandardService - Starting service [Tomcat]
2022-08-16_10-21-23 [restartedMain] INFO  o.a.catalina.core.StandardEngine - Starting Servlet engine: [Apache Tomcat/9.0.56]
2022-08-16_10-21-23 [restartedMain] INFO  o.a.c.c.C.[.[localhost].[/auth] - Initializing Spring embedded WebApplicationContext
2022-08-16_10-21-23 [restartedMain] INFO  o.s.b.w.s.c.ServletWebServerApplicationContext - Root WebApplicationContext: initialization completed in 4034 ms
2022-08-16_10-21-23 [restartedMain] INFO  com.zaxxer.hikari.HikariDataSource - HikariPool-1 - Starting...
2022-08-16_10-21-23 [restartedMain] INFO  com.zaxxer.hikari.HikariDataSource - HikariPool-1 - Start completed.
2022-08-16_10-21-23 [restartedMain] INFO  o.s.b.a.h.H2ConsoleAutoConfiguration - H2 console available at '/h2-console'. Database available at 'jdbc:h2:mem:testdb'
2022-08-16_10-21-23 [restartedMain] INFO  o.h.jpa.internal.util.LogHelper - HHH000204: Processing PersistenceUnitInfo [name: default]
2022-08-16_10-21-23 [restartedMain] INFO  org.hibernate.Version - HHH000412: Hibernate ORM core version 5.6.3.Final
2022-08-16_10-21-23 [restartedMain] INFO  o.h.annotations.common.Version - HCANN000001: Hibernate Commons Annotations {5.1.2.Final}
2022-08-16_10-21-23 [restartedMain] INFO  org.hibernate.dialect.Dialect - HHH000400: Using dialect: org.hibernate.dialect.H2Dialect
2022-08-16_10-21-23 [restartedMain] INFO  o.h.e.t.j.p.i.JtaPlatformInitiator - HHH000490: Using JtaPlatform implementation: [org.hibernate.engine.transaction.jta.platform.internal.NoJtaPlatform]
2022-08-16_10-21-23 [restartedMain] INFO  o.s.o.j.LocalContainerEntityManagerFactoryBean - Initialized JPA EntityManagerFactory for persistence unit 'default'
2022-08-16_10-21-23 [restartedMain] INFO  o.s.s.web.DefaultSecurityFilterChain - Will secure any request with [org.springframework.security.web.context.request.async.WebAsyncManagerIntegrationFilter@4533a8cf, org.springframework.security.web.context.SecurityContextPersistenceFilter@44e2bfc0, org.springframework.security.web.header.HeaderWriterFilter@411256d0, org.springframework.security.web.authentication.logout.LogoutFilter@45655a84, com.pms.auth.config.JwtRequestFilter@4943808d, org.springframework.security.web.savedrequest.RequestCacheAwareFilter@59400d19, org.springframework.security.web.servletapi.SecurityContextHolderAwareRequestFilter@22a8d18c, org.springframework.security.web.authentication.AnonymousAuthenticationFilter@24809fb5, org.springframework.security.web.session.SessionManagementFilter@48297ce9, org.springframework.security.web.access.ExceptionTranslationFilter@a372df2, org.springframework.security.web.access.intercept.FilterSecurityInterceptor@1180d428]
2022-08-16_10-21-23 [restartedMain] INFO  o.s.b.d.a.OptionalLiveReloadServer - LiveReload server is running on port 35729
2022-08-16_10-21-23 [restartedMain] INFO  o.a.coyote.http11.Http11NioProtocol - Starting ProtocolHandler ["http-nio-8400"]
2022-08-16_10-21-23 [restartedMain] INFO  o.s.b.w.e.tomcat.TomcatWebServer - Tomcat started on port(s): 8400 (http) with context path '/auth'
2022-08-16_10-21-23 [restartedMain] INFO  c.p.a.AuthorizationServiceApplication - Started AuthorizationServiceApplication in 11.027 seconds (JVM running for 12.433)
2022-08-16_10-21-23 [http-nio-8400-exec-1] INFO  o.a.c.c.C.[.[localhost].[/auth] - Initializing Spring DispatcherServlet 'dispatcherServlet'
2022-08-16_10-21-23 [http-nio-8400-exec-1] INFO  o.s.web.servlet.DispatcherServlet - Initializing Servlet 'dispatcherServlet'
2022-08-16_10-21-23 [http-nio-8400-exec-1] INFO  o.s.web.servlet.DispatcherServlet - Completed initialization in 2 ms
2022-08-16_10-21-23 [http-nio-8400-exec-2] INFO  c.p.a.c.JwtAuthenticationController - Inside authenticate Method==================================
2022-08-16_10-21-23 [http-nio-8400-exec-2] INFO  c.p.a.service.MyUserDetailsService - User with username admin found
2022-08-16_10-21-23 [http-nio-8400-exec-2] INFO  c.p.a.c.JwtAuthenticationController - Authentication Successful.....
2022-08-16_10-21-23 [http-nio-8400-exec-2] INFO  c.p.a.c.JwtAuthenticationController - UsernamePasswordAuthenticationToken [Principal=com.pms.auth.model.MyUserDetails@c138446, Credentials=[PROTECTED], Authenticated=true, Details=null, Granted Authorities=[ROLE_ADMIN]]
2022-08-16_10-21-23 [http-nio-8400-exec-2] INFO  c.p.a.service.MyUserDetailsService - User with username admin found
2022-08-16_10-21-23 [http-nio-8400-exec-4] INFO  c.p.a.service.MyUserDetailsService - User with username admin found
2022-08-16_10-21-23 [http-nio-8400-exec-4] INFO  c.p.a.c.JwtAuthenticationController - Inside authenticate Method==================================
2022-08-16_10-21-23 [http-nio-8400-exec-4] INFO  c.p.a.service.MyUserDetailsService - User with username admin found
2022-08-16_10-21-23 [http-nio-8400-exec-4] INFO  c.p.a.c.JwtAuthenticationController - Authentication Successful.....
2022-08-16_10-21-23 [http-nio-8400-exec-4] INFO  c.p.a.c.JwtAuthenticationController - UsernamePasswordAuthenticationToken [Principal=com.pms.auth.model.MyUserDetails@5b26836a, Credentials=[PROTECTED], Authenticated=true, Details=null, Granted Authorities=[ROLE_ADMIN]]
2022-08-16_10-21-23 [http-nio-8400-exec-4] INFO  c.p.a.service.MyUserDetailsService - User with username admin found
2022-08-16_10-21-23 [http-nio-8400-exec-5] INFO  c.p.a.service.MyUserDetailsService - User with username admin found
2022-08-16_10-21-23 [http-nio-8400-exec-5] INFO  c.p.a.c.JwtAuthenticationController - Inside authenticate Method==================================
2022-08-16_10-21-23 [http-nio-8400-exec-5] INFO  c.p.a.service.MyUserDetailsService - User with username admin found
2022-08-16_10-21-23 [http-nio-8400-exec-5] INFO  c.p.a.c.JwtAuthenticationController - Authentication Successful.....
2022-08-16_10-21-23 [http-nio-8400-exec-5] INFO  c.p.a.c.JwtAuthenticationController - UsernamePasswordAuthenticationToken [Principal=com.pms.auth.model.MyUserDetails@3f87cd07, Credentials=[PROTECTED], Authenticated=true, Details=null, Granted Authorities=[ROLE_ADMIN]]
2022-08-16_10-21-23 [http-nio-8400-exec-5] INFO  c.p.a.service.MyUserDetailsService - User with username admin found
2022-08-16_10-21-23 [http-nio-8400-exec-6] INFO  c.p.a.service.MyUserDetailsService - User with username admin found
2022-08-16_10-21-23 [http-nio-8400-exec-7] INFO  c.p.a.service.MyUserDetailsService - User with username admin found
