2022-08-17_19-11-47 [restartedMain] INFO  c.p.a.AuthorizationServiceApplication - Starting AuthorizationServiceApplication using Java 15.0.1 on LTIN325768 with PID 2480 (C:\Users\899324\Desktop\Project\pension-management-system-main\authorization-service\target\classes started by 899324 in C:\Users\899324\Desktop\Project\pension-management-system-main\authorization-service)
2022-08-17_19-11-47 [restartedMain] INFO  c.p.a.AuthorizationServiceApplication - No active profile set, falling back to default profiles: default
2022-08-17_19-11-47 [restartedMain] INFO  o.s.b.d.e.DevToolsPropertyDefaultsPostProcessor - Devtools property defaults active! Set 'spring.devtools.add-properties' to 'false' to disable
2022-08-17_19-11-47 [restartedMain] INFO  o.s.b.d.e.DevToolsPropertyDefaultsPostProcessor - For additional web related logging consider setting the 'logging.level.web' property to 'DEBUG'
2022-08-17_19-11-47 [restartedMain] INFO  o.s.d.r.c.RepositoryConfigurationDelegate - Bootstrapping Spring Data JPA repositories in DEFAULT mode.
2022-08-17_19-11-47 [restartedMain] INFO  o.s.d.r.c.RepositoryConfigurationDelegate - Finished Spring Data repository scanning in 80 ms. Found 1 JPA repository interfaces.
2022-08-17_19-11-47 [restartedMain] INFO  o.s.b.w.e.tomcat.TomcatWebServer - Tomcat initialized with port(s): 8400 (http)
2022-08-17_19-11-47 [restartedMain] INFO  o.a.coyote.http11.Http11NioProtocol - Initializing ProtocolHandler ["http-nio-8400"]
2022-08-17_19-11-47 [restartedMain] INFO  o.a.catalina.core.StandardService - Starting service [Tomcat]
2022-08-17_19-11-47 [restartedMain] INFO  o.a.catalina.core.StandardEngine - Starting Servlet engine: [Apache Tomcat/9.0.56]
2022-08-17_19-11-47 [restartedMain] INFO  o.a.c.c.C.[.[localhost].[/auth] - Initializing Spring embedded WebApplicationContext
2022-08-17_19-11-47 [restartedMain] INFO  o.s.b.w.s.c.ServletWebServerApplicationContext - Root WebApplicationContext: initialization completed in 3663 ms
2022-08-17_19-11-47 [restartedMain] INFO  com.zaxxer.hikari.HikariDataSource - HikariPool-1 - Starting...
2022-08-17_19-11-47 [restartedMain] INFO  com.zaxxer.hikari.HikariDataSource - HikariPool-1 - Start completed.
2022-08-17_19-11-47 [restartedMain] INFO  o.s.b.a.h.H2ConsoleAutoConfiguration - H2 console available at '/h2-console'. Database available at 'jdbc:h2:mem:testdb'
2022-08-17_19-11-47 [restartedMain] INFO  o.h.jpa.internal.util.LogHelper - HHH000204: Processing PersistenceUnitInfo [name: default]
2022-08-17_19-11-47 [restartedMain] INFO  org.hibernate.Version - HHH000412: Hibernate ORM core version 5.6.3.Final
2022-08-17_19-11-47 [restartedMain] INFO  o.h.annotations.common.Version - HCANN000001: Hibernate Commons Annotations {5.1.2.Final}
2022-08-17_19-11-47 [restartedMain] INFO  org.hibernate.dialect.Dialect - HHH000400: Using dialect: org.hibernate.dialect.H2Dialect
2022-08-17_19-11-47 [restartedMain] INFO  o.h.e.t.j.p.i.JtaPlatformInitiator - HHH000490: Using JtaPlatform implementation: [org.hibernate.engine.transaction.jta.platform.internal.NoJtaPlatform]
2022-08-17_19-11-47 [restartedMain] INFO  o.s.o.j.LocalContainerEntityManagerFactoryBean - Initialized JPA EntityManagerFactory for persistence unit 'default'
2022-08-17_19-11-47 [restartedMain] INFO  o.s.s.web.DefaultSecurityFilterChain - Will secure any request with [org.springframework.security.web.context.request.async.WebAsyncManagerIntegrationFilter@4c61a70b, org.springframework.security.web.context.SecurityContextPersistenceFilter@59400d19, org.springframework.security.web.header.HeaderWriterFilter@1109ac1a, org.springframework.security.web.authentication.logout.LogoutFilter@3a5532b4, com.pms.auth.config.JwtRequestFilter@150e7d04, org.springframework.security.web.savedrequest.RequestCacheAwareFilter@efe598a, org.springframework.security.web.servletapi.SecurityContextHolderAwareRequestFilter@7644bad7, org.springframework.security.web.authentication.AnonymousAuthenticationFilter@51d37fd9, org.springframework.security.web.session.SessionManagementFilter@44e2bfc0, org.springframework.security.web.access.ExceptionTranslationFilter@411256d0, org.springframework.security.web.access.intercept.FilterSecurityInterceptor@65e3101d]
2022-08-17_19-11-47 [restartedMain] INFO  o.s.b.d.a.OptionalLiveReloadServer - LiveReload server is running on port 35729
2022-08-17_19-11-47 [restartedMain] INFO  o.a.coyote.http11.Http11NioProtocol - Starting ProtocolHandler ["http-nio-8400"]
2022-08-17_19-11-47 [restartedMain] INFO  o.s.b.w.e.tomcat.TomcatWebServer - Tomcat started on port(s): 8400 (http) with context path '/auth'
2022-08-17_19-11-47 [restartedMain] INFO  c.p.a.AuthorizationServiceApplication - Started AuthorizationServiceApplication in 9.558 seconds (JVM running for 10.629)
2022-08-17_19-11-47 [http-nio-8400-exec-2] INFO  o.a.c.c.C.[.[localhost].[/auth] - Initializing Spring DispatcherServlet 'dispatcherServlet'
2022-08-17_19-11-47 [http-nio-8400-exec-2] INFO  o.s.web.servlet.DispatcherServlet - Initializing Servlet 'dispatcherServlet'
2022-08-17_19-11-47 [http-nio-8400-exec-2] INFO  o.s.web.servlet.DispatcherServlet - Completed initialization in 3 ms
2022-08-17_19-11-47 [http-nio-8400-exec-2] INFO  c.p.a.c.JwtAuthenticationController - Inside authenticate Method==================================
2022-08-17_19-11-47 [http-nio-8400-exec-2] INFO  c.p.a.service.MyUserDetailsService - User with username admin found
2022-08-17_19-11-47 [http-nio-8400-exec-2] INFO  c.p.a.c.JwtAuthenticationController - Authentication Successful.....
2022-08-17_19-11-47 [http-nio-8400-exec-2] INFO  c.p.a.c.JwtAuthenticationController - UsernamePasswordAuthenticationToken [Principal=com.pms.auth.model.MyUserDetails@520911dd, Credentials=[PROTECTED], Authenticated=true, Details=null, Granted Authorities=[ROLE_ADMIN]]
2022-08-17_19-11-47 [http-nio-8400-exec-2] INFO  c.p.a.service.MyUserDetailsService - User with username admin found
2022-08-17_19-11-47 [http-nio-8400-exec-3] INFO  c.p.a.service.MyUserDetailsService - User with username admin found
2022-08-17_19-11-47 [http-nio-8400-exec-4] INFO  c.p.a.service.MyUserDetailsService - User with username admin found
2022-08-17_19-11-47 [http-nio-8400-exec-6] INFO  c.p.a.service.MyUserDetailsService - User with username admin found
2022-08-17_19-11-47 [http-nio-8400-exec-7] INFO  c.p.a.service.MyUserDetailsService - User with username admin found
2022-08-17_19-11-47 [http-nio-8400-exec-8] INFO  c.p.a.service.MyUserDetailsService - User with username admin found
2022-08-17_19-11-47 [http-nio-8400-exec-9] INFO  c.p.a.service.MyUserDetailsService - User with username admin found
2022-08-17_19-11-47 [http-nio-8400-exec-3] INFO  c.p.a.c.JwtAuthenticationController - Inside authenticate Method==================================
2022-08-17_19-11-47 [http-nio-8400-exec-3] INFO  c.p.a.service.MyUserDetailsService - User with username admin found
2022-08-17_19-11-47 [http-nio-8400-exec-3] INFO  c.p.a.c.JwtAuthenticationController - Authentication Successful.....
2022-08-17_19-11-47 [http-nio-8400-exec-3] INFO  c.p.a.c.JwtAuthenticationController - UsernamePasswordAuthenticationToken [Principal=com.pms.auth.model.MyUserDetails@2201c5cc, Credentials=[PROTECTED], Authenticated=true, Details=null, Granted Authorities=[ROLE_ADMIN]]
2022-08-17_19-11-47 [http-nio-8400-exec-3] INFO  c.p.a.service.MyUserDetailsService - User with username admin found
2022-08-17_19-11-47 [http-nio-8400-exec-4] INFO  c.p.a.service.MyUserDetailsService - User with username admin found
2022-08-17_19-11-47 [http-nio-8400-exec-5] INFO  c.p.a.service.MyUserDetailsService - User with username admin found
2022-08-17_19-11-47 [http-nio-8400-exec-6] INFO  c.p.a.service.MyUserDetailsService - User with username admin found
2022-08-17_19-11-47 [http-nio-8400-exec-7] INFO  c.p.a.service.MyUserDetailsService - User with username admin found
2022-08-17_19-11-47 [http-nio-8400-exec-8] INFO  c.p.a.service.MyUserDetailsService - User with username admin found
2022-08-17_19-11-47 [http-nio-8400-exec-9] INFO  c.p.a.service.MyUserDetailsService - User with username admin found
2022-08-17_19-11-47 [http-nio-8400-exec-3] INFO  c.p.a.service.MyUserDetailsService - User with username admin found
2022-08-17_19-11-47 [http-nio-8400-exec-4] INFO  c.p.a.service.MyUserDetailsService - User with username admin found
2022-08-17_19-11-47 [http-nio-8400-exec-7] INFO  c.p.a.c.JwtAuthenticationController - Inside authenticate Method==================================
2022-08-17_19-11-47 [http-nio-8400-exec-7] INFO  c.p.a.service.MyUserDetailsService - User with username admin found
2022-08-17_19-11-47 [http-nio-8400-exec-7] INFO  c.p.a.c.JwtAuthenticationController - Authentication Successful.....
2022-08-17_19-11-47 [http-nio-8400-exec-7] INFO  c.p.a.c.JwtAuthenticationController - UsernamePasswordAuthenticationToken [Principal=com.pms.auth.model.MyUserDetails@1dfbe87c, Credentials=[PROTECTED], Authenticated=true, Details=null, Granted Authorities=[ROLE_ADMIN]]
2022-08-17_19-11-47 [http-nio-8400-exec-7] INFO  c.p.a.service.MyUserDetailsService - User with username admin found
2022-08-17_19-11-47 [http-nio-8400-exec-8] INFO  c.p.a.service.MyUserDetailsService - User with username admin found
2022-08-17_19-11-47 [http-nio-8400-exec-9] INFO  c.p.a.service.MyUserDetailsService - User with username admin found
2022-08-17_19-11-47 [http-nio-8400-exec-10] INFO  c.p.a.c.JwtAuthenticationController - Inside authenticate Method==================================
2022-08-17_19-11-47 [http-nio-8400-exec-10] INFO  c.p.a.service.MyUserDetailsService - User with username admin found
2022-08-17_19-11-47 [http-nio-8400-exec-10] INFO  c.p.a.c.JwtAuthenticationController - Authentication Successful.....
2022-08-17_19-11-47 [http-nio-8400-exec-10] INFO  c.p.a.c.JwtAuthenticationController - UsernamePasswordAuthenticationToken [Principal=com.pms.auth.model.MyUserDetails@4bdea032, Credentials=[PROTECTED], Authenticated=true, Details=null, Granted Authorities=[ROLE_ADMIN]]
2022-08-17_19-11-47 [http-nio-8400-exec-10] INFO  c.p.a.service.MyUserDetailsService - User with username admin found
2022-08-17_19-11-47 [http-nio-8400-exec-1] INFO  c.p.a.service.MyUserDetailsService - User with username admin found
2022-08-17_19-11-47 [http-nio-8400-exec-2] INFO  c.p.a.service.MyUserDetailsService - User with username admin found
2022-08-17_19-11-47 [http-nio-8400-exec-3] INFO  c.p.a.service.MyUserDetailsService - User with username admin found
2022-08-17_19-11-47 [http-nio-8400-exec-4] INFO  c.p.a.service.MyUserDetailsService - User with username admin found
2022-08-17_19-11-47 [http-nio-8400-exec-7] INFO  c.p.a.c.JwtAuthenticationController - Inside authenticate Method==================================
2022-08-17_19-11-47 [http-nio-8400-exec-7] INFO  c.p.a.service.MyUserDetailsService - User with username admin found
2022-08-17_19-11-47 [http-nio-8400-exec-7] INFO  c.p.a.c.JwtAuthenticationController - Authentication Successful.....
2022-08-17_19-11-47 [http-nio-8400-exec-7] INFO  c.p.a.c.JwtAuthenticationController - UsernamePasswordAuthenticationToken [Principal=com.pms.auth.model.MyUserDetails@169bd670, Credentials=[PROTECTED], Authenticated=true, Details=null, Granted Authorities=[ROLE_ADMIN]]
2022-08-17_19-11-47 [http-nio-8400-exec-7] INFO  c.p.a.service.MyUserDetailsService - User with username admin found
2022-08-17_19-11-47 [http-nio-8400-exec-8] INFO  c.p.a.c.JwtAuthenticationController - Inside authenticate Method==================================
2022-08-17_19-11-47 [http-nio-8400-exec-8] INFO  c.p.a.service.MyUserDetailsService - User with username admin found
2022-08-17_19-11-47 [http-nio-8400-exec-8] INFO  c.p.a.c.JwtAuthenticationController - Authentication Successful.....
2022-08-17_19-11-47 [http-nio-8400-exec-8] INFO  c.p.a.c.JwtAuthenticationController - UsernamePasswordAuthenticationToken [Principal=com.pms.auth.model.MyUserDetails@7f6735d5, Credentials=[PROTECTED], Authenticated=true, Details=null, Granted Authorities=[ROLE_ADMIN]]
2022-08-17_19-11-47 [http-nio-8400-exec-8] INFO  c.p.a.service.MyUserDetailsService - User with username admin found
2022-08-17_19-11-47 [http-nio-8400-exec-9] INFO  c.p.a.c.JwtAuthenticationController - Inside authenticate Method==================================
2022-08-17_19-11-47 [http-nio-8400-exec-9] INFO  c.p.a.service.MyUserDetailsService - User with username admin found
2022-08-17_19-11-47 [http-nio-8400-exec-9] INFO  c.p.a.c.JwtAuthenticationController - Authentication Successful.....
2022-08-17_19-11-47 [http-nio-8400-exec-9] INFO  c.p.a.c.JwtAuthenticationController - UsernamePasswordAuthenticationToken [Principal=com.pms.auth.model.MyUserDetails@57356786, Credentials=[PROTECTED], Authenticated=true, Details=null, Granted Authorities=[ROLE_ADMIN]]
2022-08-17_19-11-47 [http-nio-8400-exec-9] INFO  c.p.a.service.MyUserDetailsService - User with username admin found
2022-08-17_19-11-47 [http-nio-8400-exec-10] INFO  c.p.a.c.JwtAuthenticationController - Inside authenticate Method==================================
2022-08-17_19-11-47 [http-nio-8400-exec-10] INFO  c.p.a.service.MyUserDetailsService - User with username admin found
2022-08-17_19-11-47 [http-nio-8400-exec-10] INFO  c.p.a.c.JwtAuthenticationController - Authentication Successful.....
2022-08-17_19-11-47 [http-nio-8400-exec-10] INFO  c.p.a.c.JwtAuthenticationController - UsernamePasswordAuthenticationToken [Principal=com.pms.auth.model.MyUserDetails@e943c2d, Credentials=[PROTECTED], Authenticated=true, Details=null, Granted Authorities=[ROLE_ADMIN]]
2022-08-17_19-11-47 [http-nio-8400-exec-10] INFO  c.p.a.service.MyUserDetailsService - User with username admin found
2022-08-17_19-11-47 [http-nio-8400-exec-1] INFO  c.p.a.service.MyUserDetailsService - User with username admin found
2022-08-17_19-11-47 [http-nio-8400-exec-2] INFO  c.p.a.service.MyUserDetailsService - User with username admin found
2022-08-17_19-11-47 [http-nio-8400-exec-5] INFO  c.p.a.c.JwtAuthenticationController - Inside authenticate Method==================================
2022-08-17_19-11-47 [http-nio-8400-exec-5] INFO  c.p.a.service.MyUserDetailsService - User with username admin found
2022-08-17_19-11-47 [http-nio-8400-exec-5] INFO  c.p.a.c.JwtAuthenticationController - Authentication Successful.....
2022-08-17_19-11-47 [http-nio-8400-exec-5] INFO  c.p.a.c.JwtAuthenticationController - UsernamePasswordAuthenticationToken [Principal=com.pms.auth.model.MyUserDetails@6f8d0467, Credentials=[PROTECTED], Authenticated=true, Details=null, Granted Authorities=[ROLE_ADMIN]]
2022-08-17_19-11-47 [http-nio-8400-exec-5] INFO  c.p.a.service.MyUserDetailsService - User with username admin found
2022-08-17_19-11-47 [http-nio-8400-exec-6] INFO  c.p.a.service.MyUserDetailsService - User with username admin found
2022-08-17_19-11-47 [http-nio-8400-exec-7] INFO  c.p.a.service.MyUserDetailsService - User with username admin found
2022-08-17_19-11-47 [http-nio-8400-exec-9] INFO  c.p.a.c.JwtAuthenticationController - Inside authenticate Method==================================
2022-08-17_19-11-47 [http-nio-8400-exec-9] INFO  c.p.a.service.MyUserDetailsService - User with username admin found
2022-08-17_19-11-47 [http-nio-8400-exec-9] INFO  c.p.a.c.JwtAuthenticationController - Authentication Successful.....
2022-08-17_19-11-47 [http-nio-8400-exec-9] INFO  c.p.a.c.JwtAuthenticationController - UsernamePasswordAuthenticationToken [Principal=com.pms.auth.model.MyUserDetails@16976335, Credentials=[PROTECTED], Authenticated=true, Details=null, Granted Authorities=[ROLE_ADMIN]]
2022-08-17_19-11-47 [http-nio-8400-exec-9] INFO  c.p.a.service.MyUserDetailsService - User with username admin found
2022-08-17_19-11-47 [http-nio-8400-exec-1] INFO  c.p.a.service.MyUserDetailsService - User with username admin found
2022-08-17_19-11-47 [http-nio-8400-exec-2] INFO  c.p.a.service.MyUserDetailsService - User with username admin found
2022-08-17_19-11-47 [http-nio-8400-exec-4] INFO  c.p.a.service.MyUserDetailsService - User with username admin found
2022-08-17_19-11-47 [http-nio-8400-exec-5] INFO  c.p.a.service.MyUserDetailsService - User with username admin found
2022-08-17_19-11-47 [http-nio-8400-exec-7] INFO  c.p.a.service.MyUserDetailsService - User with username admin found
2022-08-17_19-11-47 [http-nio-8400-exec-8] INFO  c.p.a.service.MyUserDetailsService - User with username admin found
2022-08-17_19-11-47 [http-nio-8400-exec-9] INFO  c.p.a.service.MyUserDetailsService - User with username admin found
2022-08-17_19-11-47 [http-nio-8400-exec-10] INFO  c.p.a.service.MyUserDetailsService - User with username admin found
2022-08-17_19-11-47 [http-nio-8400-exec-1] INFO  c.p.a.service.MyUserDetailsService - User with username admin found
2022-08-17_19-11-47 [http-nio-8400-exec-2] INFO  c.p.a.service.MyUserDetailsService - User with username admin found
2022-08-17_19-11-47 [http-nio-8400-exec-3] INFO  c.p.a.service.MyUserDetailsService - User with username admin found
2022-08-17_19-11-47 [http-nio-8400-exec-4] INFO  c.p.a.service.MyUserDetailsService - User with username admin found
2022-08-17_19-11-47 [http-nio-8400-exec-5] INFO  c.p.a.c.JwtAuthenticationController - Inside authenticate Method==================================
2022-08-17_19-11-47 [http-nio-8400-exec-5] INFO  c.p.a.service.MyUserDetailsService - User with username admin found
2022-08-17_19-11-47 [http-nio-8400-exec-5] INFO  c.p.a.c.JwtAuthenticationController - Authentication Successful.....
2022-08-17_19-11-47 [http-nio-8400-exec-5] INFO  c.p.a.c.JwtAuthenticationController - UsernamePasswordAuthenticationToken [Principal=com.pms.auth.model.MyUserDetails@6b33fa4e, Credentials=[PROTECTED], Authenticated=true, Details=null, Granted Authorities=[ROLE_ADMIN]]
2022-08-17_19-11-47 [http-nio-8400-exec-5] INFO  c.p.a.service.MyUserDetailsService - User with username admin found
2022-08-17_19-11-47 [http-nio-8400-exec-6] INFO  c.p.a.c.JwtAuthenticationController - Inside authenticate Method==================================
2022-08-17_19-11-47 [http-nio-8400-exec-6] INFO  c.p.a.service.MyUserDetailsService - User with username admin found
2022-08-17_19-11-47 [http-nio-8400-exec-6] INFO  c.p.a.c.JwtAuthenticationController - Authentication Successful.....
2022-08-17_19-11-47 [http-nio-8400-exec-6] INFO  c.p.a.c.JwtAuthenticationController - UsernamePasswordAuthenticationToken [Principal=com.pms.auth.model.MyUserDetails@1c253f05, Credentials=[PROTECTED], Authenticated=true, Details=null, Granted Authorities=[ROLE_ADMIN]]
2022-08-17_19-11-47 [http-nio-8400-exec-6] INFO  c.p.a.service.MyUserDetailsService - User with username admin found
2022-08-17_19-11-47 [http-nio-8400-exec-7] INFO  c.p.a.service.MyUserDetailsService - User with username admin found
2022-08-17_19-11-47 [http-nio-8400-exec-8] INFO  c.p.a.service.MyUserDetailsService - User with username admin found
2022-08-17_19-11-47 [http-nio-8400-exec-9] INFO  c.p.a.service.MyUserDetailsService - User with username admin found
2022-08-17_19-11-47 [http-nio-8400-exec-10] INFO  c.p.a.service.MyUserDetailsService - User with username admin found
2022-08-17_19-11-47 [http-nio-8400-exec-1] INFO  c.p.a.service.MyUserDetailsService - User with username admin found
2022-08-17_19-11-47 [http-nio-8400-exec-2] INFO  c.p.a.service.MyUserDetailsService - User with username admin found
2022-08-17_19-11-47 [http-nio-8400-exec-3] INFO  c.p.a.service.MyUserDetailsService - User with username admin found
2022-08-17_19-11-47 [http-nio-8400-exec-4] INFO  c.p.a.service.MyUserDetailsService - User with username admin found
2022-08-17_19-11-47 [http-nio-8400-exec-5] INFO  c.p.a.service.MyUserDetailsService - User with username admin found
2022-08-17_19-11-47 [http-nio-8400-exec-6] INFO  c.p.a.service.MyUserDetailsService - User with username admin found
2022-08-17_19-11-47 [http-nio-8400-exec-7] INFO  c.p.a.c.JwtAuthenticationController - Inside authenticate Method==================================
2022-08-17_19-11-47 [http-nio-8400-exec-7] INFO  c.p.a.service.MyUserDetailsService - User with username admin found
2022-08-17_19-11-47 [http-nio-8400-exec-7] INFO  c.p.a.c.JwtAuthenticationController - Authentication Successful.....
2022-08-17_19-11-47 [http-nio-8400-exec-7] INFO  c.p.a.c.JwtAuthenticationController - UsernamePasswordAuthenticationToken [Principal=com.pms.auth.model.MyUserDetails@3db2cabf, Credentials=[PROTECTED], Authenticated=true, Details=null, Granted Authorities=[ROLE_ADMIN]]
2022-08-17_19-11-47 [http-nio-8400-exec-7] INFO  c.p.a.service.MyUserDetailsService - User with username admin found
2022-08-17_19-11-47 [http-nio-8400-exec-8] INFO  c.p.a.service.MyUserDetailsService - User with username admin found
2022-08-17_19-11-47 [http-nio-8400-exec-9] INFO  c.p.a.service.MyUserDetailsService - User with username admin found
2022-08-17_19-11-47 [http-nio-8400-exec-10] INFO  c.p.a.c.JwtAuthenticationController - Inside authenticate Method==================================
2022-08-17_19-11-47 [http-nio-8400-exec-10] INFO  c.p.a.service.MyUserDetailsService - User with username admin found
2022-08-17_19-11-47 [http-nio-8400-exec-10] INFO  c.p.a.c.JwtAuthenticationController - Authentication Successful.....
2022-08-17_19-11-47 [http-nio-8400-exec-10] INFO  c.p.a.c.JwtAuthenticationController - UsernamePasswordAuthenticationToken [Principal=com.pms.auth.model.MyUserDetails@7fc32b66, Credentials=[PROTECTED], Authenticated=true, Details=null, Granted Authorities=[ROLE_ADMIN]]
2022-08-17_19-11-47 [http-nio-8400-exec-10] INFO  c.p.a.service.MyUserDetailsService - User with username admin found
2022-08-17_19-11-47 [http-nio-8400-exec-4] INFO  c.p.a.c.JwtAuthenticationController - Inside authenticate Method==================================
2022-08-17_19-11-47 [http-nio-8400-exec-4] INFO  c.p.a.service.MyUserDetailsService - User with username admin found
2022-08-17_19-11-47 [http-nio-8400-exec-4] INFO  c.p.a.c.JwtAuthenticationController - Authentication Successful.....
2022-08-17_19-11-47 [http-nio-8400-exec-4] INFO  c.p.a.c.JwtAuthenticationController - UsernamePasswordAuthenticationToken [Principal=com.pms.auth.model.MyUserDetails@5c160f1, Credentials=[PROTECTED], Authenticated=true, Details=null, Granted Authorities=[ROLE_ADMIN]]
2022-08-17_19-11-47 [http-nio-8400-exec-4] INFO  c.p.a.service.MyUserDetailsService - User with username admin found
2022-08-17_19-11-47 [http-nio-8400-exec-6] INFO  c.p.a.c.JwtAuthenticationController - Inside authenticate Method==================================
2022-08-17_19-11-47 [http-nio-8400-exec-6] INFO  c.p.a.service.MyUserDetailsService - User with username admin found
2022-08-17_19-11-47 [http-nio-8400-exec-6] INFO  c.p.a.c.JwtAuthenticationController - Authentication Successful.....
2022-08-17_19-11-47 [http-nio-8400-exec-6] INFO  c.p.a.c.JwtAuthenticationController - UsernamePasswordAuthenticationToken [Principal=com.pms.auth.model.MyUserDetails@340cda91, Credentials=[PROTECTED], Authenticated=true, Details=null, Granted Authorities=[ROLE_ADMIN]]
2022-08-17_19-11-47 [http-nio-8400-exec-6] INFO  c.p.a.service.MyUserDetailsService - User with username admin found
2022-08-17_19-11-47 [http-nio-8400-exec-7] INFO  c.p.a.c.JwtAuthenticationController - Inside authenticate Method==================================
2022-08-17_19-11-47 [http-nio-8400-exec-7] INFO  c.p.a.service.MyUserDetailsService - User with username admin found
2022-08-17_19-11-47 [http-nio-8400-exec-7] INFO  c.p.a.c.JwtAuthenticationController - Authentication Successful.....
2022-08-17_19-11-47 [http-nio-8400-exec-7] INFO  c.p.a.c.JwtAuthenticationController - UsernamePasswordAuthenticationToken [Principal=com.pms.auth.model.MyUserDetails@74d71f9, Credentials=[PROTECTED], Authenticated=true, Details=null, Granted Authorities=[ROLE_ADMIN]]
2022-08-17_19-11-47 [http-nio-8400-exec-7] INFO  c.p.a.service.MyUserDetailsService - User with username admin found
2022-08-17_19-11-47 [http-nio-8400-exec-10] INFO  c.p.a.c.JwtAuthenticationController - Inside authenticate Method==================================
2022-08-17_19-11-47 [http-nio-8400-exec-10] INFO  c.p.a.service.MyUserDetailsService - User with username admin found
2022-08-17_19-11-47 [http-nio-8400-exec-10] INFO  c.p.a.c.JwtAuthenticationController - Authentication Successful.....
2022-08-17_19-11-47 [http-nio-8400-exec-10] INFO  c.p.a.c.JwtAuthenticationController - UsernamePasswordAuthenticationToken [Principal=com.pms.auth.model.MyUserDetails@5b866b31, Credentials=[PROTECTED], Authenticated=true, Details=null, Granted Authorities=[ROLE_ADMIN]]
2022-08-17_19-11-47 [http-nio-8400-exec-10] INFO  c.p.a.service.MyUserDetailsService - User with username admin found
2022-08-17_19-11-47 [http-nio-8400-exec-1] INFO  c.p.a.service.MyUserDetailsService - User with username admin found
2022-08-17_19-11-47 [http-nio-8400-exec-2] INFO  c.p.a.service.MyUserDetailsService - User with username admin found
2022-08-17_19-11-47 [http-nio-8400-exec-3] INFO  c.p.a.c.JwtAuthenticationController - Inside authenticate Method==================================
2022-08-17_19-11-47 [http-nio-8400-exec-3] INFO  c.p.a.service.MyUserDetailsService - User with username admin found
2022-08-17_19-11-47 [http-nio-8400-exec-3] INFO  c.p.a.c.JwtAuthenticationController - Authentication Successful.....
2022-08-17_19-11-47 [http-nio-8400-exec-3] INFO  c.p.a.c.JwtAuthenticationController - UsernamePasswordAuthenticationToken [Principal=com.pms.auth.model.MyUserDetails@2ca55d66, Credentials=[PROTECTED], Authenticated=true, Details=null, Granted Authorities=[ROLE_ADMIN]]
2022-08-17_19-11-47 [http-nio-8400-exec-3] INFO  c.p.a.service.MyUserDetailsService - User with username admin found
2022-08-17_19-11-47 [http-nio-8400-exec-4] INFO  c.p.a.c.JwtAuthenticationController - Inside authenticate Method==================================
2022-08-17_19-11-47 [http-nio-8400-exec-4] INFO  c.p.a.service.MyUserDetailsService - User with username admin found
2022-08-17_19-11-47 [http-nio-8400-exec-4] INFO  c.p.a.c.JwtAuthenticationController - Authentication Successful.....
2022-08-17_19-11-47 [http-nio-8400-exec-4] INFO  c.p.a.c.JwtAuthenticationController - UsernamePasswordAuthenticationToken [Principal=com.pms.auth.model.MyUserDetails@54825fab, Credentials=[PROTECTED], Authenticated=true, Details=null, Granted Authorities=[ROLE_ADMIN]]
2022-08-17_19-11-47 [http-nio-8400-exec-4] INFO  c.p.a.service.MyUserDetailsService - User with username admin found
2022-08-17_19-11-47 [http-nio-8400-exec-6] INFO  c.p.a.c.JwtAuthenticationController - Inside authenticate Method==================================
2022-08-17_19-11-47 [http-nio-8400-exec-6] INFO  c.p.a.service.MyUserDetailsService - User with username admin found
2022-08-17_19-11-47 [http-nio-8400-exec-6] INFO  c.p.a.c.JwtAuthenticationController - Authentication Successful.....
2022-08-17_19-11-47 [http-nio-8400-exec-6] INFO  c.p.a.c.JwtAuthenticationController - UsernamePasswordAuthenticationToken [Principal=com.pms.auth.model.MyUserDetails@33751bfc, Credentials=[PROTECTED], Authenticated=true, Details=null, Granted Authorities=[ROLE_ADMIN]]
2022-08-17_19-11-47 [http-nio-8400-exec-6] INFO  c.p.a.service.MyUserDetailsService - User with username admin found
2022-08-17_19-11-47 [http-nio-8400-exec-7] INFO  c.p.a.service.MyUserDetailsService - User with username admin found
2022-08-17_19-11-47 [http-nio-8400-exec-8] INFO  c.p.a.service.MyUserDetailsService - User with username admin found
2022-08-17_19-11-47 [http-nio-8400-exec-9] INFO  c.p.a.service.MyUserDetailsService - User with username admin found
2022-08-17_19-11-47 [http-nio-8400-exec-10] INFO  c.p.a.service.MyUserDetailsService - User with username admin found
2022-08-17_19-11-47 [http-nio-8400-exec-1] INFO  c.p.a.service.MyUserDetailsService - User with username admin found
2022-08-17_19-11-47 [http-nio-8400-exec-2] INFO  c.p.a.service.MyUserDetailsService - User with username admin found
2022-08-17_19-11-47 [http-nio-8400-exec-3] INFO  c.p.a.service.MyUserDetailsService - User with username admin found
2022-08-17_19-11-47 [http-nio-8400-exec-4] INFO  c.p.a.service.MyUserDetailsService - User with username admin found
2022-08-17_19-11-47 [http-nio-8400-exec-5] INFO  c.p.a.service.MyUserDetailsService - User with username admin found
2022-08-17_19-11-47 [http-nio-8400-exec-6] INFO  c.p.a.service.MyUserDetailsService - User with username admin found
2022-08-17_19-11-47 [http-nio-8400-exec-7] INFO  c.p.a.service.MyUserDetailsService - User with username admin found
2022-08-17_19-11-47 [http-nio-8400-exec-8] INFO  c.p.a.service.MyUserDetailsService - User with username admin found
2022-08-17_19-11-47 [http-nio-8400-exec-9] INFO  c.p.a.service.MyUserDetailsService - User with username admin found
2022-08-17_19-11-47 [http-nio-8400-exec-10] INFO  c.p.a.service.MyUserDetailsService - User with username admin found
2022-08-17_19-11-47 [http-nio-8400-exec-1] INFO  c.p.a.service.MyUserDetailsService - User with username admin found
2022-08-17_19-11-47 [http-nio-8400-exec-2] INFO  c.p.a.service.MyUserDetailsService - User with username admin found
2022-08-17_19-11-47 [http-nio-8400-exec-3] INFO  c.p.a.service.MyUserDetailsService - User with username admin found
2022-08-17_19-11-47 [http-nio-8400-exec-4] INFO  c.p.a.service.MyUserDetailsService - User with username admin found
2022-08-17_19-11-47 [http-nio-8400-exec-5] INFO  c.p.a.service.MyUserDetailsService - User with username admin found
2022-08-17_19-11-47 [http-nio-8400-exec-6] INFO  c.p.a.service.MyUserDetailsService - User with username admin found
2022-08-17_19-11-47 [http-nio-8400-exec-7] INFO  c.p.a.service.MyUserDetailsService - User with username admin found
2022-08-17_19-11-47 [http-nio-8400-exec-8] INFO  c.p.a.service.MyUserDetailsService - User with username admin found
2022-08-17_19-11-47 [http-nio-8400-exec-9] INFO  c.p.a.service.MyUserDetailsService - User with username admin found
2022-08-17_19-11-47 [http-nio-8400-exec-10] INFO  c.p.a.service.MyUserDetailsService - User with username admin found
2022-08-17_19-11-47 [http-nio-8400-exec-1] INFO  c.p.a.service.MyUserDetailsService - User with username admin found
2022-08-17_19-11-47 [http-nio-8400-exec-2] INFO  c.p.a.service.MyUserDetailsService - User with username admin found
2022-08-17_19-11-47 [http-nio-8400-exec-3] INFO  c.p.a.service.MyUserDetailsService - User with username admin found
2022-08-17_19-11-47 [http-nio-8400-exec-4] INFO  c.p.a.service.MyUserDetailsService - User with username admin found
2022-08-17_19-11-47 [http-nio-8400-exec-5] INFO  c.p.a.service.MyUserDetailsService - User with username admin found
2022-08-17_19-11-47 [http-nio-8400-exec-6] INFO  c.p.a.service.MyUserDetailsService - User with username admin found
2022-08-17_19-11-47 [http-nio-8400-exec-7] INFO  c.p.a.service.MyUserDetailsService - User with username admin found
2022-08-17_19-11-47 [http-nio-8400-exec-8] INFO  c.p.a.service.MyUserDetailsService - User with username admin found
2022-08-17_19-11-47 [http-nio-8400-exec-9] INFO  c.p.a.service.MyUserDetailsService - User with username admin found
2022-08-17_19-11-47 [http-nio-8400-exec-10] INFO  c.p.a.service.MyUserDetailsService - User with username admin found
2022-08-17_19-11-47 [http-nio-8400-exec-1] INFO  c.p.a.service.MyUserDetailsService - User with username admin found
2022-08-17_19-11-47 [http-nio-8400-exec-2] INFO  c.p.a.service.MyUserDetailsService - User with username admin found
2022-08-17_19-11-47 [http-nio-8400-exec-3] INFO  c.p.a.service.MyUserDetailsService - User with username admin found
2022-08-17_19-11-47 [http-nio-8400-exec-4] INFO  c.p.a.service.MyUserDetailsService - User with username admin found
2022-08-17_19-11-47 [http-nio-8400-exec-6] INFO  c.p.a.c.JwtAuthenticationController - Inside authenticate Method==================================
2022-08-17_19-11-47 [http-nio-8400-exec-6] INFO  c.p.a.service.MyUserDetailsService - User with username admin found
2022-08-17_19-11-47 [http-nio-8400-exec-6] INFO  c.p.a.c.JwtAuthenticationController - Authentication Successful.....
2022-08-17_19-11-47 [http-nio-8400-exec-6] INFO  c.p.a.c.JwtAuthenticationController - UsernamePasswordAuthenticationToken [Principal=com.pms.auth.model.MyUserDetails@5366bf05, Credentials=[PROTECTED], Authenticated=true, Details=null, Granted Authorities=[ROLE_ADMIN]]
2022-08-17_19-11-47 [http-nio-8400-exec-6] INFO  c.p.a.service.MyUserDetailsService - User with username admin found
2022-08-17_19-11-47 [http-nio-8400-exec-10] INFO  c.p.a.c.JwtAuthenticationController - Inside authenticate Method==================================
2022-08-17_19-11-47 [http-nio-8400-exec-10] INFO  c.p.a.service.MyUserDetailsService - User with username admin found
2022-08-17_19-11-47 [http-nio-8400-exec-10] INFO  c.p.a.c.JwtAuthenticationController - Authentication Successful.....
2022-08-17_19-11-47 [http-nio-8400-exec-10] INFO  c.p.a.c.JwtAuthenticationController - UsernamePasswordAuthenticationToken [Principal=com.pms.auth.model.MyUserDetails@33156e35, Credentials=[PROTECTED], Authenticated=true, Details=null, Granted Authorities=[ROLE_ADMIN]]
2022-08-17_19-11-47 [http-nio-8400-exec-10] INFO  c.p.a.service.MyUserDetailsService - User with username admin found
2022-08-17_19-11-47 [http-nio-8400-exec-1] INFO  c.p.a.service.MyUserDetailsService - User with username admin found
2022-08-17_19-11-47 [http-nio-8400-exec-2] INFO  c.p.a.service.MyUserDetailsService - User with username admin found
2022-08-17_19-11-47 [http-nio-8400-exec-3] INFO  c.p.a.service.MyUserDetailsService - User with username admin found
2022-08-17_19-11-47 [http-nio-8400-exec-4] INFO  c.p.a.service.MyUserDetailsService - User with username admin found
2022-08-17_19-11-47 [http-nio-8400-exec-5] INFO  c.p.a.service.MyUserDetailsService - User with username admin found
2022-08-17_19-11-47 [http-nio-8400-exec-6] INFO  c.p.a.service.MyUserDetailsService - User with username admin found
2022-08-17_19-11-47 [http-nio-8400-exec-7] INFO  c.p.a.service.MyUserDetailsService - User with username admin found
2022-08-17_19-11-47 [http-nio-8400-exec-8] INFO  c.p.a.service.MyUserDetailsService - User with username admin found
2022-08-17_19-11-47 [http-nio-8400-exec-9] INFO  c.p.a.service.MyUserDetailsService - User with username admin found
2022-08-17_19-11-47 [http-nio-8400-exec-10] INFO  c.p.a.service.MyUserDetailsService - User with username admin found
2022-08-17_19-11-47 [http-nio-8400-exec-1] INFO  c.p.a.service.MyUserDetailsService - User with username admin found
2022-08-17_19-11-47 [http-nio-8400-exec-10] INFO  c.p.a.service.MyUserDetailsService - User with username admin found
2022-08-17_19-11-47 [http-nio-8400-exec-3] INFO  c.p.a.service.MyUserDetailsService - User with username admin found
2022-08-17_19-11-47 [http-nio-8400-exec-4] INFO  c.p.a.service.MyUserDetailsService - User with username admin found
2022-08-17_19-11-47 [http-nio-8400-exec-5] INFO  c.p.a.service.MyUserDetailsService - User with username admin found
2022-08-17_19-11-47 [http-nio-8400-exec-6] INFO  c.p.a.service.MyUserDetailsService - User with username admin found
2022-08-17_19-11-47 [http-nio-8400-exec-7] INFO  c.p.a.service.MyUserDetailsService - User with username admin found
2022-08-17_19-11-47 [http-nio-8400-exec-8] INFO  c.p.a.service.MyUserDetailsService - User with username admin found
2022-08-17_19-11-47 [http-nio-8400-exec-9] INFO  c.p.a.c.JwtAuthenticationController - Inside authenticate Method==================================
2022-08-17_19-11-47 [http-nio-8400-exec-9] INFO  c.p.a.service.MyUserDetailsService - User with username admin found
2022-08-17_19-11-47 [http-nio-8400-exec-9] INFO  c.p.a.c.JwtAuthenticationController - Authentication Successful.....
2022-08-17_19-11-47 [http-nio-8400-exec-9] INFO  c.p.a.c.JwtAuthenticationController - UsernamePasswordAuthenticationToken [Principal=com.pms.auth.model.MyUserDetails@5e37bbbf, Credentials=[PROTECTED], Authenticated=true, Details=null, Granted Authorities=[ROLE_ADMIN]]
2022-08-17_19-11-47 [http-nio-8400-exec-9] INFO  c.p.a.service.MyUserDetailsService - User with username admin found
2022-08-17_19-11-47 [http-nio-8400-exec-3] INFO  c.p.a.c.JwtAuthenticationController - Inside authenticate Method==================================
2022-08-17_19-11-47 [http-nio-8400-exec-3] INFO  c.p.a.service.MyUserDetailsService - User with username admin found
2022-08-17_19-11-47 [http-nio-8400-exec-3] INFO  c.p.a.c.JwtAuthenticationController - Authentication Successful.....
2022-08-17_19-11-47 [http-nio-8400-exec-3] INFO  c.p.a.c.JwtAuthenticationController - UsernamePasswordAuthenticationToken [Principal=com.pms.auth.model.MyUserDetails@67138b57, Credentials=[PROTECTED], Authenticated=true, Details=null, Granted Authorities=[ROLE_ADMIN]]
2022-08-17_19-11-47 [http-nio-8400-exec-3] INFO  c.p.a.service.MyUserDetailsService - User with username admin found
2022-08-17_19-11-47 [http-nio-8400-exec-4] INFO  c.p.a.c.JwtAuthenticationController - Inside authenticate Method==================================
2022-08-17_19-11-47 [http-nio-8400-exec-4] INFO  c.p.a.service.MyUserDetailsService - User with username admin found
2022-08-17_19-11-47 [http-nio-8400-exec-5] INFO  c.p.a.c.JwtAuthenticationController - Inside authenticate Method==================================
2022-08-17_19-11-47 [http-nio-8400-exec-5] INFO  c.p.a.service.MyUserDetailsService - User with username admin found
2022-08-17_19-11-47 [http-nio-8400-exec-5] INFO  c.p.a.c.JwtAuthenticationController - Authentication Successful.....
2022-08-17_19-11-47 [http-nio-8400-exec-5] INFO  c.p.a.c.JwtAuthenticationController - UsernamePasswordAuthenticationToken [Principal=com.pms.auth.model.MyUserDetails@59fd6190, Credentials=[PROTECTED], Authenticated=true, Details=null, Granted Authorities=[ROLE_ADMIN]]
2022-08-17_19-11-47 [http-nio-8400-exec-5] INFO  c.p.a.service.MyUserDetailsService - User with username admin found
2022-08-17_19-11-47 [http-nio-8400-exec-8] INFO  c.p.a.c.JwtAuthenticationController - Inside authenticate Method==================================
2022-08-17_19-11-47 [http-nio-8400-exec-8] INFO  c.p.a.service.MyUserDetailsService - User with username admin found
2022-08-17_19-11-47 [http-nio-8400-exec-8] INFO  c.p.a.c.JwtAuthenticationController - Authentication Successful.....
2022-08-17_19-11-47 [http-nio-8400-exec-8] INFO  c.p.a.c.JwtAuthenticationController - UsernamePasswordAuthenticationToken [Principal=com.pms.auth.model.MyUserDetails@27ee8496, Credentials=[PROTECTED], Authenticated=true, Details=null, Granted Authorities=[ROLE_ADMIN]]
2022-08-17_19-11-47 [http-nio-8400-exec-8] INFO  c.p.a.service.MyUserDetailsService - User with username admin found
2022-08-17_19-11-47 [http-nio-8400-exec-9] INFO  c.p.a.service.MyUserDetailsService - User with username admin found
2022-08-17_19-11-47 [http-nio-8400-exec-1] INFO  c.p.a.service.MyUserDetailsService - User with username admin found
2022-08-17_19-11-47 [http-nio-8400-exec-3] INFO  c.p.a.c.JwtAuthenticationController - Inside authenticate Method==================================
2022-08-17_19-11-47 [http-nio-8400-exec-3] INFO  c.p.a.service.MyUserDetailsService - User with username admin found
2022-08-17_19-11-47 [http-nio-8400-exec-3] INFO  c.p.a.c.JwtAuthenticationController - Authentication Successful.....
2022-08-17_19-11-47 [http-nio-8400-exec-3] INFO  c.p.a.c.JwtAuthenticationController - UsernamePasswordAuthenticationToken [Principal=com.pms.auth.model.MyUserDetails@3862b47b, Credentials=[PROTECTED], Authenticated=true, Details=null, Granted Authorities=[ROLE_ADMIN]]
2022-08-17_19-11-47 [http-nio-8400-exec-3] INFO  c.p.a.service.MyUserDetailsService - User with username admin found
2022-08-17_19-11-47 [http-nio-8400-exec-4] INFO  c.p.a.service.MyUserDetailsService - User with username admin found
2022-08-17_19-11-47 [http-nio-8400-exec-5] INFO  c.p.a.service.MyUserDetailsService - User with username admin found
2022-08-17_19-11-47 [http-nio-8400-exec-6] INFO  c.p.a.service.MyUserDetailsService - User with username admin found
2022-08-17_19-11-47 [http-nio-8400-exec-6] INFO  c.p.a.service.MyUserDetailsService - User with username admin found
2022-08-17_19-11-47 [http-nio-8400-exec-7] INFO  c.p.a.service.MyUserDetailsService - User with username admin found
2022-08-17_19-11-47 [http-nio-8400-exec-8] INFO  c.p.a.service.MyUserDetailsService - User with username admin found
2022-08-17_19-11-47 [http-nio-8400-exec-9] INFO  c.p.a.service.MyUserDetailsService - User with username admin found
2022-08-17_19-11-47 [http-nio-8400-exec-1] INFO  c.p.a.service.MyUserDetailsService - User with username admin found
2022-08-17_19-11-47 [http-nio-8400-exec-2] INFO  c.p.a.service.MyUserDetailsService - User with username admin found
2022-08-17_19-11-47 [http-nio-8400-exec-10] INFO  c.p.a.service.MyUserDetailsService - User with username admin found
2022-08-17_19-11-47 [http-nio-8400-exec-3] INFO  c.p.a.service.MyUserDetailsService - User with username admin found
2022-08-17_19-11-47 [http-nio-8400-exec-4] INFO  c.p.a.service.MyUserDetailsService - User with username admin found
2022-08-17_19-11-47 [http-nio-8400-exec-5] INFO  c.p.a.service.MyUserDetailsService - User with username admin found
2022-08-17_19-11-47 [http-nio-8400-exec-6] INFO  c.p.a.service.MyUserDetailsService - User with username admin found
2022-08-17_19-11-47 [http-nio-8400-exec-7] INFO  c.p.a.service.MyUserDetailsService - User with username admin found
2022-08-17_19-11-47 [http-nio-8400-exec-8] INFO  c.p.a.service.MyUserDetailsService - User with username admin found
2022-08-17_19-11-47 [http-nio-8400-exec-9] INFO  c.p.a.service.MyUserDetailsService - User with username admin found
2022-08-17_19-11-47 [http-nio-8400-exec-1] INFO  c.p.a.service.MyUserDetailsService - User with username admin found
2022-08-17_19-11-47 [http-nio-8400-exec-2] INFO  c.p.a.service.MyUserDetailsService - User with username admin found
2022-08-17_19-11-47 [http-nio-8400-exec-10] INFO  c.p.a.service.MyUserDetailsService - User with username admin found
2022-08-17_19-11-47 [http-nio-8400-exec-3] INFO  c.p.a.service.MyUserDetailsService - User with username admin found
2022-08-17_19-11-47 [http-nio-8400-exec-4] INFO  c.p.a.service.MyUserDetailsService - User with username admin found
2022-08-17_19-11-47 [http-nio-8400-exec-5] INFO  c.p.a.service.MyUserDetailsService - User with username admin found
2022-08-17_19-11-47 [http-nio-8400-exec-6] INFO  c.p.a.service.MyUserDetailsService - User with username admin found
2022-08-17_19-11-47 [http-nio-8400-exec-7] INFO  c.p.a.service.MyUserDetailsService - User with username admin found
2022-08-17_19-11-47 [http-nio-8400-exec-7] INFO  c.p.a.service.MyUserDetailsService - User with username admin found
2022-08-17_19-11-47 [http-nio-8400-exec-9] INFO  c.p.a.service.MyUserDetailsService - User with username admin found
2022-08-17_19-11-47 [http-nio-8400-exec-1] INFO  c.p.a.service.MyUserDetailsService - User with username admin found
2022-08-17_19-11-47 [http-nio-8400-exec-2] INFO  c.p.a.service.MyUserDetailsService - User with username admin found
2022-08-17_19-11-47 [http-nio-8400-exec-10] INFO  c.p.a.service.MyUserDetailsService - User with username admin found
2022-08-17_19-11-47 [http-nio-8400-exec-3] INFO  c.p.a.service.MyUserDetailsService - User with username admin found
2022-08-17_19-11-47 [http-nio-8400-exec-4] INFO  c.p.a.service.MyUserDetailsService - User with username admin found
2022-08-17_19-11-47 [http-nio-8400-exec-5] INFO  c.p.a.service.MyUserDetailsService - User with username admin found
2022-08-17_19-11-47 [http-nio-8400-exec-6] INFO  c.p.a.service.MyUserDetailsService - User with username admin found
2022-08-17_19-11-47 [http-nio-8400-exec-8] INFO  c.p.a.service.MyUserDetailsService - User with username admin found
2022-08-17_19-11-47 [http-nio-8400-exec-7] INFO  c.p.a.service.MyUserDetailsService - User with username admin found
2022-08-17_19-11-47 [http-nio-8400-exec-9] INFO  c.p.a.service.MyUserDetailsService - User with username admin found
2022-08-17_19-11-47 [http-nio-8400-exec-1] INFO  c.p.a.service.MyUserDetailsService - User with username admin found
2022-08-17_19-11-47 [http-nio-8400-exec-2] INFO  c.p.a.service.MyUserDetailsService - User with username admin found
2022-08-17_19-11-47 [http-nio-8400-exec-10] INFO  c.p.a.service.MyUserDetailsService - User with username admin found
2022-08-17_19-11-47 [http-nio-8400-exec-5] INFO  c.p.a.c.JwtAuthenticationController - Inside authenticate Method==================================
2022-08-17_19-11-47 [http-nio-8400-exec-5] INFO  c.p.a.service.MyUserDetailsService - User with username admin found
2022-08-17_19-11-47 [http-nio-8400-exec-5] INFO  c.p.a.c.JwtAuthenticationController - Authentication Successful.....
2022-08-17_19-11-47 [http-nio-8400-exec-5] INFO  c.p.a.c.JwtAuthenticationController - UsernamePasswordAuthenticationToken [Principal=com.pms.auth.model.MyUserDetails@32bf2639, Credentials=[PROTECTED], Authenticated=true, Details=null, Granted Authorities=[ROLE_ADMIN]]
2022-08-17_19-11-47 [http-nio-8400-exec-5] INFO  c.p.a.service.MyUserDetailsService - User with username admin found
2022-08-17_19-11-47 [http-nio-8400-exec-6] INFO  c.p.a.service.MyUserDetailsService - User with username admin found
2022-08-17_19-11-47 [http-nio-8400-exec-8] INFO  c.p.a.service.MyUserDetailsService - User with username admin found
2022-08-17_19-11-47 [http-nio-8400-exec-7] INFO  c.p.a.service.MyUserDetailsService - User with username admin found
2022-08-17_19-11-47 [http-nio-8400-exec-9] INFO  c.p.a.service.MyUserDetailsService - User with username admin found
2022-08-17_19-11-47 [http-nio-8400-exec-1] INFO  c.p.a.service.MyUserDetailsService - User with username admin found
2022-08-17_19-11-47 [http-nio-8400-exec-2] INFO  c.p.a.service.MyUserDetailsService - User with username admin found
2022-08-17_19-11-47 [http-nio-8400-exec-10] INFO  c.p.a.service.MyUserDetailsService - User with username admin found
2022-08-17_19-11-47 [http-nio-8400-exec-3] INFO  c.p.a.service.MyUserDetailsService - User with username admin found
2022-08-17_19-11-47 [http-nio-8400-exec-4] INFO  c.p.a.service.MyUserDetailsService - User with username admin found
2022-08-17_19-11-47 [http-nio-8400-exec-5] INFO  c.p.a.service.MyUserDetailsService - User with username admin found
2022-08-17_19-11-47 [http-nio-8400-exec-6] INFO  c.p.a.service.MyUserDetailsService - User with username admin found
2022-08-17_19-11-47 [http-nio-8400-exec-8] INFO  c.p.a.service.MyUserDetailsService - User with username admin found
2022-08-17_19-11-47 [http-nio-8400-exec-7] INFO  c.p.a.service.MyUserDetailsService - User with username admin found
2022-08-17_19-11-47 [http-nio-8400-exec-9] INFO  c.p.a.service.MyUserDetailsService - User with username admin found
2022-08-17_19-11-47 [http-nio-8400-exec-1] INFO  c.p.a.c.JwtAuthenticationController - Inside authenticate Method==================================
2022-08-17_19-11-47 [http-nio-8400-exec-1] INFO  c.p.a.service.MyUserDetailsService - User with username admin found
2022-08-17_19-11-47 [http-nio-8400-exec-1] INFO  c.p.a.c.JwtAuthenticationController - Authentication Successful.....
2022-08-17_19-11-47 [http-nio-8400-exec-1] INFO  c.p.a.c.JwtAuthenticationController - UsernamePasswordAuthenticationToken [Principal=com.pms.auth.model.MyUserDetails@6f4486ac, Credentials=[PROTECTED], Authenticated=true, Details=null, Granted Authorities=[ROLE_ADMIN]]
2022-08-17_19-11-47 [http-nio-8400-exec-1] INFO  c.p.a.service.MyUserDetailsService - User with username admin found
2022-08-17_19-11-47 [http-nio-8400-exec-2] INFO  c.p.a.service.MyUserDetailsService - User with username admin found
2022-08-17_19-11-47 [http-nio-8400-exec-10] INFO  c.p.a.service.MyUserDetailsService - User with username admin found
2022-08-17_19-11-47 [http-nio-8400-exec-3] INFO  c.p.a.c.JwtAuthenticationController - Inside authenticate Method==================================
2022-08-17_19-11-47 [http-nio-8400-exec-3] INFO  c.p.a.service.MyUserDetailsService - User with username admin found
2022-08-17_19-11-47 [http-nio-8400-exec-3] INFO  c.p.a.c.JwtAuthenticationController - Authentication Successful.....
2022-08-17_19-11-47 [http-nio-8400-exec-3] INFO  c.p.a.c.JwtAuthenticationController - UsernamePasswordAuthenticationToken [Principal=com.pms.auth.model.MyUserDetails@31f79322, Credentials=[PROTECTED], Authenticated=true, Details=null, Granted Authorities=[ROLE_ADMIN]]
2022-08-17_19-11-47 [http-nio-8400-exec-3] INFO  c.p.a.service.MyUserDetailsService - User with username admin found
2022-08-17_19-11-47 [http-nio-8400-exec-4] INFO  c.p.a.service.MyUserDetailsService - User with username admin found
2022-08-17_19-11-47 [http-nio-8400-exec-5] INFO  c.p.a.service.MyUserDetailsService - User with username admin found
2022-08-17_19-11-47 [http-nio-8400-exec-6] INFO  c.p.a.service.MyUserDetailsService - User with username admin found
2022-08-17_19-11-47 [http-nio-8400-exec-8] INFO  c.p.a.service.MyUserDetailsService - User with username admin found
2022-08-17_19-11-47 [http-nio-8400-exec-1] INFO  c.p.a.service.MyUserDetailsService - User with username admin found
2022-08-17_19-11-47 [http-nio-8400-exec-2] INFO  c.p.a.service.MyUserDetailsService - User with username admin found
2022-08-17_22-42-02 [restartedMain] INFO  c.p.a.AuthorizationServiceApplication - Starting AuthorizationServiceApplication using Java 15.0.1 on LTIN325768 with PID 27664 (C:\Users\899324\Desktop\Project\pension-management-system-main\authorization-service\target\classes started by 899324 in C:\Users\899324\Desktop\Project\pension-management-system-main\authorization-service)
2022-08-17_22-42-02 [restartedMain] INFO  c.p.a.AuthorizationServiceApplication - No active profile set, falling back to default profiles: default
2022-08-17_22-42-02 [restartedMain] INFO  o.s.b.d.e.DevToolsPropertyDefaultsPostProcessor - Devtools property defaults active! Set 'spring.devtools.add-properties' to 'false' to disable
2022-08-17_22-42-02 [restartedMain] INFO  o.s.b.d.e.DevToolsPropertyDefaultsPostProcessor - For additional web related logging consider setting the 'logging.level.web' property to 'DEBUG'
2022-08-17_22-42-02 [restartedMain] INFO  o.s.d.r.c.RepositoryConfigurationDelegate - Bootstrapping Spring Data JPA repositories in DEFAULT mode.
2022-08-17_22-42-02 [restartedMain] INFO  o.s.d.r.c.RepositoryConfigurationDelegate - Finished Spring Data repository scanning in 80 ms. Found 1 JPA repository interfaces.
2022-08-17_22-42-02 [restartedMain] INFO  o.s.b.w.e.tomcat.TomcatWebServer - Tomcat initialized with port(s): 8400 (http)
2022-08-17_22-42-02 [restartedMain] INFO  o.a.coyote.http11.Http11NioProtocol - Initializing ProtocolHandler ["http-nio-8400"]
2022-08-17_22-42-02 [restartedMain] INFO  o.a.catalina.core.StandardService - Starting service [Tomcat]
2022-08-17_22-42-02 [restartedMain] INFO  o.a.catalina.core.StandardEngine - Starting Servlet engine: [Apache Tomcat/9.0.56]
2022-08-17_22-42-02 [restartedMain] INFO  o.a.c.c.C.[.[localhost].[/auth] - Initializing Spring embedded WebApplicationContext
2022-08-17_22-42-02 [restartedMain] INFO  o.s.b.w.s.c.ServletWebServerApplicationContext - Root WebApplicationContext: initialization completed in 3066 ms
2022-08-17_22-42-02 [restartedMain] INFO  com.zaxxer.hikari.HikariDataSource - HikariPool-1 - Starting...
2022-08-17_22-42-02 [restartedMain] INFO  com.zaxxer.hikari.HikariDataSource - HikariPool-1 - Start completed.
2022-08-17_22-42-02 [restartedMain] INFO  o.s.b.a.h.H2ConsoleAutoConfiguration - H2 console available at '/h2-console'. Database available at 'jdbc:h2:mem:testdb'
2022-08-17_22-42-02 [restartedMain] INFO  o.h.jpa.internal.util.LogHelper - HHH000204: Processing PersistenceUnitInfo [name: default]
2022-08-17_22-42-02 [restartedMain] INFO  org.hibernate.Version - HHH000412: Hibernate ORM core version 5.6.3.Final
2022-08-17_22-42-02 [restartedMain] INFO  o.h.annotations.common.Version - HCANN000001: Hibernate Commons Annotations {5.1.2.Final}
2022-08-17_22-42-02 [restartedMain] INFO  org.hibernate.dialect.Dialect - HHH000400: Using dialect: org.hibernate.dialect.H2Dialect
2022-08-17_22-42-02 [restartedMain] INFO  o.h.e.t.j.p.i.JtaPlatformInitiator - HHH000490: Using JtaPlatform implementation: [org.hibernate.engine.transaction.jta.platform.internal.NoJtaPlatform]
2022-08-17_22-42-02 [restartedMain] INFO  o.s.o.j.LocalContainerEntityManagerFactoryBean - Initialized JPA EntityManagerFactory for persistence unit 'default'
2022-08-17_22-42-02 [restartedMain] INFO  o.s.s.web.DefaultSecurityFilterChain - Will secure any request with [org.springframework.security.web.context.request.async.WebAsyncManagerIntegrationFilter@4e5a6eb0, org.springframework.security.web.context.SecurityContextPersistenceFilter@26082a0, org.springframework.security.web.header.HeaderWriterFilter@6bbd20c6, org.springframework.security.web.authentication.logout.LogoutFilter@3967c7a6, com.pms.auth.config.JwtRequestFilter@5362e644, org.springframework.security.web.savedrequest.RequestCacheAwareFilter@5a0dfc85, org.springframework.security.web.servletapi.SecurityContextHolderAwareRequestFilter@62d38fbc, org.springframework.security.web.authentication.AnonymousAuthenticationFilter@4533a8cf, org.springframework.security.web.session.SessionManagementFilter@2be6b2f3, org.springframework.security.web.access.ExceptionTranslationFilter@415448eb, org.springframework.security.web.access.intercept.FilterSecurityInterceptor@ff03caf]
2022-08-17_22-42-02 [restartedMain] INFO  o.s.b.d.a.OptionalLiveReloadServer - LiveReload server is running on port 35729
2022-08-17_22-42-02 [restartedMain] INFO  o.a.coyote.http11.Http11NioProtocol - Starting ProtocolHandler ["http-nio-8400"]
2022-08-17_22-42-02 [restartedMain] INFO  o.s.b.w.e.tomcat.TomcatWebServer - Tomcat started on port(s): 8400 (http) with context path '/auth'
2022-08-17_22-42-02 [restartedMain] INFO  c.p.a.AuthorizationServiceApplication - Started AuthorizationServiceApplication in 8.372 seconds (JVM running for 9.38)
2022-08-17_22-42-02 [http-nio-8400-exec-1] INFO  o.a.c.c.C.[.[localhost].[/auth] - Initializing Spring DispatcherServlet 'dispatcherServlet'
2022-08-17_22-42-02 [http-nio-8400-exec-1] INFO  o.s.web.servlet.DispatcherServlet - Initializing Servlet 'dispatcherServlet'
2022-08-17_22-42-02 [http-nio-8400-exec-1] INFO  o.s.web.servlet.DispatcherServlet - Completed initialization in 2 ms
2022-08-17_22-42-02 [http-nio-8400-exec-2] INFO  c.p.a.c.JwtAuthenticationController - Inside authenticate Method==================================
2022-08-17_22-42-02 [http-nio-8400-exec-2] INFO  c.p.a.service.MyUserDetailsService - User with username admin found
2022-08-17_22-42-02 [http-nio-8400-exec-2] INFO  c.p.a.c.JwtAuthenticationController - Authentication Successful.....
2022-08-17_22-42-02 [http-nio-8400-exec-2] INFO  c.p.a.c.JwtAuthenticationController - UsernamePasswordAuthenticationToken [Principal=com.pms.auth.model.MyUserDetails@7f564760, Credentials=[PROTECTED], Authenticated=true, Details=null, Granted Authorities=[ROLE_ADMIN]]
2022-08-17_22-42-02 [http-nio-8400-exec-2] INFO  c.p.a.service.MyUserDetailsService - User with username admin found
2022-08-17_22-42-02 [http-nio-8400-exec-3] INFO  c.p.a.c.JwtAuthenticationController - Inside authenticate Method==================================
2022-08-17_22-42-02 [http-nio-8400-exec-3] INFO  c.p.a.service.MyUserDetailsService - User with username admin found
2022-08-17_22-42-02 [http-nio-8400-exec-3] INFO  c.p.a.c.JwtAuthenticationController - Authentication Successful.....
2022-08-17_22-42-02 [http-nio-8400-exec-3] INFO  c.p.a.c.JwtAuthenticationController - UsernamePasswordAuthenticationToken [Principal=com.pms.auth.model.MyUserDetails@5f89056a, Credentials=[PROTECTED], Authenticated=true, Details=null, Granted Authorities=[ROLE_ADMIN]]
2022-08-17_22-42-02 [http-nio-8400-exec-3] INFO  c.p.a.service.MyUserDetailsService - User with username admin found
2022-08-17_22-42-02 [http-nio-8400-exec-4] INFO  c.p.a.service.MyUserDetailsService - User with username admin found
2022-08-17_22-42-02 [http-nio-8400-exec-5] INFO  c.p.a.service.MyUserDetailsService - User with username admin found
2022-08-17_22-42-02 [http-nio-8400-exec-6] INFO  c.p.a.service.MyUserDetailsService - User with username admin found
2022-08-17_22-42-02 [http-nio-8400-exec-7] INFO  c.p.a.service.MyUserDetailsService - User with username admin found
2022-08-17_22-42-02 [http-nio-8400-exec-9] INFO  c.p.a.service.MyUserDetailsService - User with username admin found
2022-08-17_22-42-02 [http-nio-8400-exec-10] INFO  c.p.a.service.MyUserDetailsService - User with username admin found
2022-08-17_22-42-02 [http-nio-8400-exec-1] INFO  c.p.a.service.MyUserDetailsService - User with username admin found
2022-08-17_22-42-02 [http-nio-8400-exec-2] INFO  c.p.a.service.MyUserDetailsService - User with username admin found
2022-08-17_22-42-02 [http-nio-8400-exec-3] INFO  c.p.a.service.MyUserDetailsService - User with username admin found
2022-08-17_22-42-02 [http-nio-8400-exec-4] INFO  c.p.a.service.MyUserDetailsService - User with username admin found
2022-08-17_22-42-02 [http-nio-8400-exec-5] INFO  c.p.a.service.MyUserDetailsService - User with username admin found
2022-08-17_22-42-02 [http-nio-8400-exec-6] INFO  c.p.a.service.MyUserDetailsService - User with username admin found
2022-08-17_22-42-02 [http-nio-8400-exec-7] INFO  c.p.a.service.MyUserDetailsService - User with username admin found
2022-08-17_22-42-02 [http-nio-8400-exec-8] INFO  c.p.a.service.MyUserDetailsService - User with username admin found
2022-08-17_22-42-02 [http-nio-8400-exec-9] INFO  c.p.a.service.MyUserDetailsService - User with username admin found
2022-08-17_22-42-02 [http-nio-8400-exec-10] INFO  c.p.a.service.MyUserDetailsService - User with username admin found
2022-08-17_22-42-02 [http-nio-8400-exec-3] INFO  c.p.a.service.MyUserDetailsService - User with username admin found
2022-08-17_22-42-02 [http-nio-8400-exec-4] INFO  c.p.a.service.MyUserDetailsService - User with username admin found
2022-08-17_22-42-02 [http-nio-8400-exec-5] INFO  c.p.a.c.JwtAuthenticationController - Inside authenticate Method==================================
2022-08-17_22-42-02 [http-nio-8400-exec-5] INFO  c.p.a.service.MyUserDetailsService - User with username admin found
2022-08-17_22-42-02 [http-nio-8400-exec-5] INFO  c.p.a.c.JwtAuthenticationController - Authentication Successful.....
2022-08-17_22-42-02 [http-nio-8400-exec-5] INFO  c.p.a.c.JwtAuthenticationController - UsernamePasswordAuthenticationToken [Principal=com.pms.auth.model.MyUserDetails@45eb1f01, Credentials=[PROTECTED], Authenticated=true, Details=null, Granted Authorities=[ROLE_ADMIN]]
2022-08-17_22-42-02 [http-nio-8400-exec-5] INFO  c.p.a.service.MyUserDetailsService - User with username admin found
2022-08-17_22-42-02 [http-nio-8400-exec-6] INFO  c.p.a.service.MyUserDetailsService - User with username admin found
2022-08-17_22-42-02 [http-nio-8400-exec-7] INFO  c.p.a.service.MyUserDetailsService - User with username admin found
2022-08-17_22-42-02 [http-nio-8400-exec-8] INFO  c.p.a.service.MyUserDetailsService - User with username admin found
2022-08-17_22-42-02 [http-nio-8400-exec-9] INFO  c.p.a.service.MyUserDetailsService - User with username admin found
2022-08-17_22-42-02 [http-nio-8400-exec-10] INFO  c.p.a.c.JwtAuthenticationController - Inside authenticate Method==================================
2022-08-17_22-42-02 [http-nio-8400-exec-10] INFO  c.p.a.service.MyUserDetailsService - User with username admin found
2022-08-17_22-42-02 [http-nio-8400-exec-10] INFO  c.p.a.c.JwtAuthenticationController - Authentication Successful.....
2022-08-17_22-42-02 [http-nio-8400-exec-10] INFO  c.p.a.c.JwtAuthenticationController - UsernamePasswordAuthenticationToken [Principal=com.pms.auth.model.MyUserDetails@46a99366, Credentials=[PROTECTED], Authenticated=true, Details=null, Granted Authorities=[ROLE_ADMIN]]
2022-08-17_22-42-02 [http-nio-8400-exec-10] INFO  c.p.a.service.MyUserDetailsService - User with username admin found
2022-08-17_22-42-02 [http-nio-8400-exec-1] INFO  c.p.a.service.MyUserDetailsService - User with username admin found
2022-08-17_22-42-02 [http-nio-8400-exec-2] INFO  c.p.a.service.MyUserDetailsService - User with username admin found
2022-08-17_22-42-02 [http-nio-8400-exec-3] INFO  c.p.a.service.MyUserDetailsService - User with username admin found
2022-08-17_22-42-02 [http-nio-8400-exec-4] INFO  c.p.a.service.MyUserDetailsService - User with username admin found
2022-08-17_22-42-02 [http-nio-8400-exec-5] INFO  c.p.a.c.JwtAuthenticationController - Inside authenticate Method==================================
2022-08-17_22-42-02 [http-nio-8400-exec-5] INFO  c.p.a.service.MyUserDetailsService - User with username admin found
2022-08-17_22-42-02 [http-nio-8400-exec-5] INFO  c.p.a.c.JwtAuthenticationController - Authentication Successful.....
2022-08-17_22-42-02 [http-nio-8400-exec-5] INFO  c.p.a.c.JwtAuthenticationController - UsernamePasswordAuthenticationToken [Principal=com.pms.auth.model.MyUserDetails@6ab3bcfa, Credentials=[PROTECTED], Authenticated=true, Details=null, Granted Authorities=[ROLE_ADMIN]]
2022-08-17_22-42-02 [http-nio-8400-exec-5] INFO  c.p.a.service.MyUserDetailsService - User with username admin found
2022-08-17_22-42-02 [http-nio-8400-exec-6] INFO  c.p.a.service.MyUserDetailsService - User with username admin found
2022-08-17_22-42-02 [http-nio-8400-exec-7] INFO  c.p.a.service.MyUserDetailsService - User with username admin found
2022-08-17_22-42-02 [http-nio-8400-exec-8] INFO  c.p.a.service.MyUserDetailsService - User with username admin found
2022-08-17_22-42-02 [http-nio-8400-exec-9] INFO  c.p.a.service.MyUserDetailsService - User with username admin found
