2022-08-12_12-22-58 [restartedMain] INFO  c.p.a.AuthorizationServiceApplication - Starting AuthorizationServiceApplication using Java 15.0.1 on LTIN325768 with PID 8376 (C:\Users\899324\Desktop\Project\pension-management-system-main\authorization-service\target\classes started by 899324 in C:\Users\899324\Desktop\Project\pension-management-system-main\authorization-service)
2022-08-12_12-22-58 [restartedMain] INFO  c.p.a.AuthorizationServiceApplication - No active profile set, falling back to default profiles: default
2022-08-12_12-22-58 [restartedMain] INFO  o.s.b.d.e.DevToolsPropertyDefaultsPostProcessor - Devtools property defaults active! Set 'spring.devtools.add-properties' to 'false' to disable
2022-08-12_12-22-58 [restartedMain] INFO  o.s.b.d.e.DevToolsPropertyDefaultsPostProcessor - For additional web related logging consider setting the 'logging.level.web' property to 'DEBUG'
2022-08-12_12-22-58 [restartedMain] INFO  o.s.d.r.c.RepositoryConfigurationDelegate - Bootstrapping Spring Data JPA repositories in DEFAULT mode.
2022-08-12_12-22-58 [restartedMain] INFO  o.s.d.r.c.RepositoryConfigurationDelegate - Finished Spring Data repository scanning in 82 ms. Found 1 JPA repository interfaces.
2022-08-12_12-22-58 [restartedMain] INFO  o.s.b.w.e.tomcat.TomcatWebServer - Tomcat initialized with port(s): 5000 (http)
2022-08-12_12-22-58 [restartedMain] INFO  o.a.coyote.http11.Http11NioProtocol - Initializing ProtocolHandler ["http-nio-5000"]
2022-08-12_12-22-58 [restartedMain] INFO  o.a.catalina.core.StandardService - Starting service [Tomcat]
2022-08-12_12-22-58 [restartedMain] INFO  o.a.catalina.core.StandardEngine - Starting Servlet engine: [Apache Tomcat/9.0.56]
2022-08-12_12-22-58 [restartedMain] INFO  o.a.c.c.C.[.[localhost].[/auth] - Initializing Spring embedded WebApplicationContext
2022-08-12_12-22-58 [restartedMain] INFO  o.s.b.w.s.c.ServletWebServerApplicationContext - Root WebApplicationContext: initialization completed in 3382 ms
2022-08-12_12-22-58 [restartedMain] INFO  com.zaxxer.hikari.HikariDataSource - HikariPool-1 - Starting...
2022-08-12_12-22-58 [restartedMain] INFO  com.zaxxer.hikari.HikariDataSource - HikariPool-1 - Start completed.
2022-08-12_12-22-58 [restartedMain] INFO  o.s.b.a.h.H2ConsoleAutoConfiguration - H2 console available at '/h2-console'. Database available at 'jdbc:h2:mem:testdb'
2022-08-12_12-22-58 [restartedMain] INFO  o.h.jpa.internal.util.LogHelper - HHH000204: Processing PersistenceUnitInfo [name: default]
2022-08-12_12-22-58 [restartedMain] INFO  org.hibernate.Version - HHH000412: Hibernate ORM core version 5.6.3.Final
2022-08-12_12-22-58 [restartedMain] INFO  o.h.annotations.common.Version - HCANN000001: Hibernate Commons Annotations {5.1.2.Final}
2022-08-12_12-22-58 [restartedMain] INFO  org.hibernate.dialect.Dialect - HHH000400: Using dialect: org.hibernate.dialect.H2Dialect
2022-08-12_12-22-58 [restartedMain] INFO  o.h.e.t.j.p.i.JtaPlatformInitiator - HHH000490: Using JtaPlatform implementation: [org.hibernate.engine.transaction.jta.platform.internal.NoJtaPlatform]
2022-08-12_12-22-58 [restartedMain] INFO  o.s.o.j.LocalContainerEntityManagerFactoryBean - Initialized JPA EntityManagerFactory for persistence unit 'default'
2022-08-12_12-22-58 [restartedMain] INFO  o.s.s.web.DefaultSecurityFilterChain - Will secure any request with [org.springframework.security.web.context.request.async.WebAsyncManagerIntegrationFilter@58ca5a4c, org.springframework.security.web.context.SecurityContextPersistenceFilter@101db051, org.springframework.security.web.header.HeaderWriterFilter@6d6a2d05, org.springframework.security.web.authentication.logout.LogoutFilter@4047759d, com.pms.auth.config.JwtRequestFilter@9bf08d2, org.springframework.security.web.savedrequest.RequestCacheAwareFilter@12976218, org.springframework.security.web.servletapi.SecurityContextHolderAwareRequestFilter@28c3107a, org.springframework.security.web.authentication.AnonymousAuthenticationFilter@493395c9, org.springframework.security.web.session.SessionManagementFilter@7c50a04b, org.springframework.security.web.access.ExceptionTranslationFilter@7c79688e, org.springframework.security.web.access.intercept.FilterSecurityInterceptor@48dead9d]
2022-08-12_12-22-58 [restartedMain] INFO  o.s.b.d.a.OptionalLiveReloadServer - LiveReload server is running on port 35729
2022-08-12_12-22-58 [restartedMain] INFO  o.a.coyote.http11.Http11NioProtocol - Starting ProtocolHandler ["http-nio-5000"]
2022-08-12_12-22-58 [restartedMain] INFO  o.s.b.w.e.tomcat.TomcatWebServer - Tomcat started on port(s): 5000 (http) with context path '/auth'
2022-08-12_12-22-58 [restartedMain] INFO  c.p.a.AuthorizationServiceApplication - Started AuthorizationServiceApplication in 8.786 seconds (JVM running for 9.696)
2022-08-12_12-22-58 [http-nio-5000-exec-3] INFO  o.a.c.c.C.[.[localhost].[/auth] - Initializing Spring DispatcherServlet 'dispatcherServlet'
2022-08-12_12-22-58 [http-nio-5000-exec-3] INFO  o.s.web.servlet.DispatcherServlet - Initializing Servlet 'dispatcherServlet'
2022-08-12_12-22-58 [http-nio-5000-exec-3] INFO  o.s.web.servlet.DispatcherServlet - Completed initialization in 3 ms
